0 verbose cli /usr/local/bin/node /usr/local/bin/npm
1 info using npm@10.9.8
2 info using node@v21.7.3
3 silly config load:file:/usr/local/lib/node_modules/npm/npmrc
4 silly config load:file:/home/container/.npmrc
5 silly config load:file:/usr/local/etc/npmrc
6 verbose title npm install
7 verbose argv "install"
8 verbose logfile logs-max:10 dir:/home/container/.npm/_logs/2026-05-08T15_57_02_994Z-
9 verbose logfile /home/container/.npm/_logs/2026-05-08T15_57_02_994Z-debug-0.log
10 silly logfile done cleaning log files
11 silly packumentCache heap:321388544 maxSize:80347136 maxEntrySize:40173568
12 silly idealTree buildDeps
13 verbose shrinkwrap failed to load node_modules/.package-lock.json out of date, updated: node_modules
14 silly reify moves {}
15 silly audit bulk request {
15 silly audit   '@discordjs/builders': [ '1.14.1' ],
15 silly audit   '@discordjs/collection': [ '1.5.3', '2.1.1' ],
15 silly audit   '@discordjs/formatters': [ '0.6.2' ],
15 silly audit   '@discordjs/rest': [ '2.6.1' ],
15 silly audit   '@sapphire/snowflake': [ '3.5.5', '3.5.3' ],
15 silly audit   '@discordjs/util': [ '1.2.0' ],
15 silly audit   '@discordjs/ws': [ '1.2.3' ],
15 silly audit   '@emnapi/runtime': [ '1.10.0' ],
15 silly audit   '@ffmpeg-installer/darwin-arm64': [ '4.1.5' ],
15 silly audit   '@ffmpeg-installer/darwin-x64': [ '4.1.0' ],
15 silly audit   '@ffmpeg-installer/ffmpeg': [ '1.1.0' ],
15 silly audit   '@ffmpeg-installer/linux-arm': [ '4.1.3' ],
15 silly audit   '@ffmpeg-installer/linux-arm64': [ '4.1.4' ],
15 silly audit   '@ffmpeg-installer/linux-ia32': [ '4.1.0' ],
15 silly audit   '@ffmpeg-installer/linux-x64': [ '4.1.0' ],
15 silly audit   '@ffmpeg-installer/win32-ia32': [ '4.1.0' ],
15 silly audit   '@ffmpeg-installer/win32-x64': [ '4.1.0' ],
15 silly audit   '@google/genai': [ '1.50.1' ],
15 silly audit   '@img/colour': [ '1.1.0' ],
15 silly audit   '@img/sharp-darwin-arm64': [ '0.34.5' ],
15 silly audit   '@img/sharp-darwin-x64': [ '0.34.5' ],
15 silly audit   '@img/sharp-libvips-darwin-arm64': [ '1.2.4' ],
15 silly audit   '@img/sharp-libvips-darwin-x64': [ '1.2.4' ],
15 silly audit   '@img/sharp-libvips-linux-arm': [ '1.2.4' ],
15 silly audit   '@img/sharp-libvips-linux-arm64': [ '1.2.4' ],
15 silly audit   '@img/sharp-libvips-linux-ppc64': [ '1.2.4' ],
15 silly audit   '@img/sharp-libvips-linux-riscv64': [ '1.2.4' ],
15 silly audit   '@img/sharp-libvips-linux-s390x': [ '1.2.4' ],
15 silly audit   '@img/sharp-libvips-linux-x64': [ '1.2.4' ],
15 silly audit   '@img/sharp-libvips-linuxmusl-arm64': [ '1.2.4' ],
15 silly audit   '@img/sharp-libvips-linuxmusl-x64': [ '1.2.4' ],
15 silly audit   '@img/sharp-linux-arm': [ '0.34.5' ],
15 silly audit   '@img/sharp-linux-arm64': [ '0.34.5' ],
15 silly audit   '@img/sharp-linux-ppc64': [ '0.34.5' ],
15 silly audit   '@img/sharp-linux-riscv64': [ '0.34.5' ],
15 silly audit   '@img/sharp-linux-s390x': [ '0.34.5' ],
15 silly audit   '@img/sharp-linux-x64': [ '0.34.5' ],
15 silly audit   '@img/sharp-linuxmusl-arm64': [ '0.34.5' ],
15 silly audit   '@img/sharp-linuxmusl-x64': [ '0.34.5' ],
15 silly audit   '@img/sharp-wasm32': [ '0.34.5' ],
15 silly audit   '@img/sharp-win32-arm64': [ '0.34.5' ],
15 silly audit   '@img/sharp-win32-ia32': [ '0.34.5' ],
15 silly audit   '@img/sharp-win32-x64': [ '0.34.5' ],
15 silly audit   '@napi-rs/canvas': [ '0.1.99' ],
15 silly audit   '@napi-rs/canvas-android-arm64': [ '0.1.99' ],
15 silly audit   '@napi-rs/canvas-darwin-arm64': [ '0.1.99' ],
15 silly audit   '@napi-rs/canvas-darwin-x64': [ '0.1.99' ],
15 silly audit   '@napi-rs/canvas-linux-arm-gnueabihf': [ '0.1.99' ],
15 silly audit   '@napi-rs/canvas-linux-arm64-gnu': [ '0.1.99' ],
15 silly audit   '@napi-rs/canvas-linux-arm64-musl': [ '0.1.99' ],
15 silly audit   '@napi-rs/canvas-linux-riscv64-gnu': [ '0.1.99' ],
15 silly audit   '@napi-rs/canvas-linux-x64-gnu': [ '0.1.99' ],
15 silly audit   '@napi-rs/canvas-linux-x64-musl': [ '0.1.99' ],
15 silly audit   '@napi-rs/canvas-win32-arm64-msvc': [ '0.1.99' ],
15 silly audit   '@napi-rs/canvas-win32-x64-msvc': [ '0.1.99' ],
15 silly audit   '@pdf-lib/standard-fonts': [ '1.0.0' ],
15 silly audit   '@pdf-lib/upng': [ '1.0.1' ],
15 silly audit   '@protobufjs/aspromise': [ '1.1.2' ],
15 silly audit   '@protobufjs/base64': [ '1.1.2' ],
15 silly audit   '@protobufjs/codegen': [ '2.0.4' ],
15 silly audit   '@protobufjs/eventemitter': [ '1.1.0' ],
15 silly audit   '@protobufjs/fetch': [ '1.1.0' ],
15 silly audit   '@protobufjs/float': [ '1.0.2' ],
15 silly audit   '@protobufjs/inquire': [ '1.1.0' ],
15 silly audit   '@protobufjs/path': [ '1.1.2' ],
15 silly audit   '@protobufjs/pool': [ '1.1.0' ],
15 silly audit   '@protobufjs/utf8': [ '1.1.0' ],
15 silly audit   '@sapphire/async-queue': [ '1.5.5' ],
15 silly audit   '@sapphire/shapeshift': [ '4.0.0' ],
15 silly audit   '@types/node': [ '25.6.0' ],
15 silly audit   '@types/retry': [ '0.12.0' ],
15 silly audit   '@types/ws': [ '8.18.1' ],
15 silly audit   '@vladfrangu/async_event_emitter': [ '2.4.7' ],
15 silly audit   'agent-base': [ '7.1.4' ],
15 silly audit   async: [ '0.2.10' ],
15 silly audit   asynckit: [ '0.4.0' ],
15 silly audit   axios: [ '1.15.1' ],
15 silly audit   'base64-js': [ '1.5.1' ],
15 silly audit   'bignumber.js': [ '9.3.1' ],
15 silly audit   'buffer-equal-constant-time': [ '1.0.1' ],
15 silly audit   'call-bind-apply-helpers': [ '1.0.2' ],
15 silly audit   'combined-stream': [ '1.0.8' ],
15 silly audit   'data-uri-to-buffer': [ '4.0.1' ],
15 silly audit   debug: [ '4.4.3' ],
15 silly audit   'delayed-stream': [ '1.0.0' ],
15 silly audit   'detect-libc': [ '2.1.2' ],
15 silly audit   'discord-api-types': [ '0.38.47' ],
15 silly audit   'discord.js': [ '14.26.3' ],
15 silly audit   dommatrix: [ '0.1.1' ],
15 silly audit   dotenv: [ '17.4.2' ],
15 silly audit   'dunder-proto': [ '1.0.1' ],
15 silly audit   'ecdsa-sig-formatter': [ '1.0.11' ],
15 silly audit   'es-define-property': [ '1.0.1' ],
15 silly audit   'es-errors': [ '1.3.0' ],
15 silly audit   'es-object-atoms': [ '1.1.1' ],
15 silly audit   'es-set-tostringtag': [ '2.1.0' ],
15 silly audit   extend: [ '3.0.2' ],
15 silly audit   'fast-deep-equal': [ '3.1.3' ],
15 silly audit   'fetch-blob': [ '3.2.0' ],
15 silly audit   'fluent-ffmpeg': [ '2.1.3' ],
15 silly audit   'follow-redirects': [ '1.16.0' ],
15 silly audit   'form-data': [ '4.0.5' ],
15 silly audit   'formdata-polyfill': [ '4.0.10' ],
15 silly audit   'function-bind': [ '1.1.2' ],
15 silly audit   gaxios: [ '7.1.4' ],
15 silly audit   'gcp-metadata': [ '8.1.2' ],
15 silly audit   'get-intrinsic': [ '1.3.0' ],
15 silly audit   'get-proto': [ '1.0.1' ],
15 silly audit   'google-auth-library': [ '10.6.2' ],
15 silly audit   'google-logging-utils': [ '1.1.3' ],
15 silly audit   gopd: [ '1.2.0' ],
15 silly audit   'has-symbols': [ '1.1.0' ],
15 silly audit   'has-tostringtag': [ '1.0.2' ],
15 silly audit   hasown: [ '2.0.3' ],
15 silly audit   'https-proxy-agent': [ '7.0.6' ],
15 silly audit   isexe: [ '2.0.0' ],
15 silly audit   'json-bigint': [ '1.0.0' ],
15 silly audit   jwa: [ '2.0.1' ],
15 silly audit   jws: [ '4.0.1' ],
15 silly audit   lodash: [ '4.18.1' ],
15 silly audit   'lodash.snakecase': [ '4.1.1' ],
15 silly audit   long: [ '5.3.2' ],
15 silly audit   'magic-bytes.js': [ '1.13.0' ],
15 silly audit   'math-intrinsics': [ '1.1.0' ],
15 silly audit   'mime-db': [ '1.52.0' ],
15 silly audit   'mime-types': [ '2.1.35' ],
15 silly audit   ms: [ '2.1.3' ],
15 silly audit   'node-domexception': [ '1.0.0' ],
15 silly audit   'node-fetch': [ '3.3.2' ],
15 silly audit   'node-readable-to-web-readable-stream': [ '0.4.2' ],
15 silly audit   'p-retry': [ '4.6.2' ],
15 silly audit   pako: [ '1.0.11' ],
15 silly audit   'pdf-lib': [ '1.17.1' ],
15 silly audit   tslib: [ '1.14.1', '2.8.1' ],
15 silly audit   'pdf-to-png-converter': [ '3.18.0' ],
15 silly audit   'pdfjs-dist': [ '5.6.205' ],
15 silly audit   protobufjs: [ '7.5.5' ],
15 silly audit   'proxy-from-env': [ '2.1.0' ],
15 silly audit   retry: [ '0.13.1' ],
15 silly audit   'safe-buffer': [ '5.2.1' ],
15 silly audit   semver: [ '7.7.4' ],
15 silly audit   sharp: [ '0.34.5' ],
15 silly audit   'ts-mixer': [ '6.0.4' ],
15 silly audit   undici: [ '6.24.1' ],
15 silly audit   'undici-types': [ '7.19.2' ],
15 silly audit   'web-streams-polyfill': [ '3.3.3' ],
15 silly audit   which: [ '1.3.1' ],
15 silly audit   ws: [ '8.20.0' ]
15 silly audit }
16 verbose reify failed optional dependency /home/container/node_modules/@napi-rs/canvas-win32-arm64-msvc
17 silly reify mark deleted [ '/home/container/node_modules/@napi-rs/canvas-win32-arm64-msvc' ]
18 verbose reify failed optional dependency /home/container/node_modules/@napi-rs/canvas-linux-riscv64-gnu
19 silly reify mark deleted [ '/home/container/node_modules/@napi-rs/canvas-linux-riscv64-gnu' ]
20 verbose reify failed optional dependency /home/container/node_modules/@napi-rs/canvas-linux-arm64-musl
21 silly reify mark deleted [ '/home/container/node_modules/@napi-rs/canvas-linux-arm64-musl' ]
22 verbose reify failed optional dependency /home/container/node_modules/@napi-rs/canvas-linux-arm64-gnu
23 silly reify mark deleted [ '/home/container/node_modules/@napi-rs/canvas-linux-arm64-gnu' ]
24 verbose reify failed optional dependency /home/container/node_modules/@napi-rs/canvas-linux-arm-gnueabihf
25 silly reify mark deleted [ '/home/container/node_modules/@napi-rs/canvas-linux-arm-gnueabihf' ]
26 verbose reify failed optional dependency /home/container/node_modules/@napi-rs/canvas-darwin-x64
27 silly reify mark deleted [ '/home/container/node_modules/@napi-rs/canvas-darwin-x64' ]
28 verbose reify failed optional dependency /home/container/node_modules/@napi-rs/canvas-darwin-arm64
29 silly reify mark deleted [ '/home/container/node_modules/@napi-rs/canvas-darwin-arm64' ]
30 verbose reify failed optional dependency /home/container/node_modules/@napi-rs/canvas-android-arm64
31 silly reify mark deleted [ '/home/container/node_modules/@napi-rs/canvas-android-arm64' ]
32 verbose reify failed optional dependency /home/container/node_modules/@img/sharp-win32-ia32
33 silly reify mark deleted [ '/home/container/node_modules/@img/sharp-win32-ia32' ]
34 verbose reify failed optional dependency /home/container/node_modules/@img/sharp-win32-arm64
35 silly reify mark deleted [ '/home/container/node_modules/@img/sharp-win32-arm64' ]
36 verbose reify failed optional dependency /home/container/node_modules/@img/sharp-wasm32
37 silly reify mark deleted [ '/home/container/node_modules/@img/sharp-wasm32' ]
38 verbose reify failed optional dependency /home/container/node_modules/@emnapi/runtime
39 silly reify mark deleted [ '/home/container/node_modules/@emnapi/runtime' ]
40 verbose reify failed optional dependency /home/container/node_modules/@img/sharp-linuxmusl-arm64
41 silly reify mark deleted [ '/home/container/node_modules/@img/sharp-linuxmusl-arm64' ]
42 verbose reify failed optional dependency /home/container/node_modules/@img/sharp-linux-s390x
43 silly reify mark deleted [ '/home/container/node_modules/@img/sharp-linux-s390x' ]
44 verbose reify failed optional dependency /home/container/node_modules/@img/sharp-linux-riscv64
45 silly reify mark deleted [ '/home/container/node_modules/@img/sharp-linux-riscv64' ]
46 verbose reify failed optional dependency /home/container/node_modules/@img/sharp-linux-ppc64
47 silly reify mark deleted [ '/home/container/node_modules/@img/sharp-linux-ppc64' ]
48 verbose reify failed optional dependency /home/container/node_modules/@img/sharp-linux-arm64
49 silly reify mark deleted [ '/home/container/node_modules/@img/sharp-linux-arm64' ]
50 verbose reify failed optional dependency /home/container/node_modules/@img/sharp-linux-arm
51 silly reify mark deleted [ '/home/container/node_modules/@img/sharp-linux-arm' ]
52 verbose reify failed optional dependency /home/container/node_modules/@img/sharp-libvips-linuxmusl-arm64
53 silly reify mark deleted [ '/home/container/node_modules/@img/sharp-libvips-linuxmusl-arm64' ]
54 verbose reify failed optional dependency /home/container/node_modules/@img/sharp-libvips-linux-s390x
55 silly reify mark deleted [ '/home/container/node_modules/@img/sharp-libvips-linux-s390x' ]
56 verbose reify failed optional dependency /home/container/node_modules/@img/sharp-libvips-linux-riscv64
57 silly reify mark deleted [ '/home/container/node_modules/@img/sharp-libvips-linux-riscv64' ]
58 verbose reify failed optional dependency /home/container/node_modules/@img/sharp-libvips-linux-ppc64
59 silly reify mark deleted [ '/home/container/node_modules/@img/sharp-libvips-linux-ppc64' ]
60 verbose reify failed optional dependency /home/container/node_modules/@img/sharp-libvips-linux-arm64
61 silly reify mark deleted [ '/home/container/node_modules/@img/sharp-libvips-linux-arm64' ]
62 verbose reify failed optional dependency /home/container/node_modules/@img/sharp-libvips-linux-arm
63 silly reify mark deleted [ '/home/container/node_modules/@img/sharp-libvips-linux-arm' ]
64 verbose reify failed optional dependency /home/container/node_modules/@img/sharp-libvips-darwin-x64
65 silly reify mark deleted [ '/home/container/node_modules/@img/sharp-libvips-darwin-x64' ]
66 verbose reify failed optional dependency /home/container/node_modules/@img/sharp-libvips-darwin-arm64
67 silly reify mark deleted [ '/home/container/node_modules/@img/sharp-libvips-darwin-arm64' ]
68 verbose reify failed optional dependency /home/container/node_modules/@img/sharp-darwin-x64
69 silly reify mark deleted [ '/home/container/node_modules/@img/sharp-darwin-x64' ]
70 verbose reify failed optional dependency /home/container/node_modules/@img/sharp-darwin-arm64
71 silly reify mark deleted [ '/home/container/node_modules/@img/sharp-darwin-arm64' ]
72 verbose reify failed optional dependency /home/container/node_modules/@ffmpeg-installer/win32-ia32
73 silly reify mark deleted [ '/home/container/node_modules/@ffmpeg-installer/win32-ia32' ]
74 verbose reify failed optional dependency /home/container/node_modules/@ffmpeg-installer/linux-ia32
75 silly reify mark deleted [ '/home/container/node_modules/@ffmpeg-installer/linux-ia32' ]
76 verbose reify failed optional dependency /home/container/node_modules/@ffmpeg-installer/linux-arm64
77 silly reify mark deleted [ '/home/container/node_modules/@ffmpeg-installer/linux-arm64' ]
78 verbose reify failed optional dependency /home/container/node_modules/@ffmpeg-installer/linux-arm
79 silly reify mark deleted [ '/home/container/node_modules/@ffmpeg-installer/linux-arm' ]
80 verbose reify failed optional dependency /home/container/node_modules/@ffmpeg-installer/darwin-x64
81 silly reify mark deleted [ '/home/container/node_modules/@ffmpeg-installer/darwin-x64' ]
82 verbose reify failed optional dependency /home/container/node_modules/@ffmpeg-installer/darwin-arm64
83 silly reify mark deleted [ '/home/container/node_modules/@ffmpeg-installer/darwin-arm64' ]
84 http fetch GET 200 https://registry.npmjs.org/npm 157ms
85 http cache @napi-rs/canvas-linux-x64-musl@https://registry.npmjs.org/@napi-rs/canvas-linux-x64-musl/-/canvas-linux-x64-musl-0.1.99.tgz 0ms (cache hit)
86 http cache @img/sharp-linuxmusl-x64@https://registry.npmjs.org/@img/sharp-linuxmusl-x64/-/sharp-linuxmusl-x64-0.34.5.tgz 0ms (cache hit)
87 http cache @napi-rs/canvas-linux-x64-gnu@https://registry.npmjs.org/@napi-rs/canvas-linux-x64-gnu/-/canvas-linux-x64-gnu-0.1.99.tgz 0ms (cache hit)
88 http cache @img/sharp-linux-x64@https://registry.npmjs.org/@img/sharp-linux-x64/-/sharp-linux-x64-0.34.5.tgz 0ms (cache hit)
89 http cache @img/sharp-libvips-linuxmusl-x64@https://registry.npmjs.org/@img/sharp-libvips-linuxmusl-x64/-/sharp-libvips-linuxmusl-x64-1.2.4.tgz 0ms (cache hit)
90 http cache @img/sharp-libvips-linux-x64@https://registry.npmjs.org/@img/sharp-libvips-linux-x64/-/sharp-libvips-linux-x64-1.2.4.tgz 0ms (cache hit)
91 http cache @ffmpeg-installer/linux-x64@https://registry.npmjs.org/@ffmpeg-installer/linux-x64/-/linux-x64-4.1.0.tgz 0ms (cache hit)
92 http cache @emnapi/runtime@https://registry.npmjs.org/@emnapi/runtime/-/runtime-1.10.0.tgz 0ms (cache hit)
93 silly tarball no local data for @napi-rs/canvas-linux-x64-musl@https://registry.npmjs.org/@napi-rs/canvas-linux-x64-musl/-/canvas-linux-x64-musl-0.1.99.tgz. Extracting by manifest.
94 silly tarball no local data for @img/sharp-linuxmusl-x64@https://registry.npmjs.org/@img/sharp-linuxmusl-x64/-/sharp-linuxmusl-x64-0.34.5.tgz. Extracting by manifest.
95 silly tarball no local data for @napi-rs/canvas-linux-x64-gnu@https://registry.npmjs.org/@napi-rs/canvas-linux-x64-gnu/-/canvas-linux-x64-gnu-0.1.99.tgz. Extracting by manifest.
96 silly tarball no local data for @img/sharp-linux-x64@https://registry.npmjs.org/@img/sharp-linux-x64/-/sharp-linux-x64-0.34.5.tgz. Extracting by manifest.
97 silly tarball no local data for @img/sharp-libvips-linuxmusl-x64@https://registry.npmjs.org/@img/sharp-libvips-linuxmusl-x64/-/sharp-libvips-linuxmusl-x64-1.2.4.tgz. Extracting by manifest.
98 silly tarball no local data for @img/sharp-libvips-linux-x64@https://registry.npmjs.org/@img/sharp-libvips-linux-x64/-/sharp-libvips-linux-x64-1.2.4.tgz. Extracting by manifest.
99 silly tarball no local data for @ffmpeg-installer/linux-x64@https://registry.npmjs.org/@ffmpeg-installer/linux-x64/-/linux-x64-4.1.0.tgz. Extracting by manifest.
100 silly tarball no local data for @emnapi/runtime@https://registry.npmjs.org/@emnapi/runtime/-/runtime-1.10.0.tgz. Extracting by manifest.
101 http fetch POST 200 https://registry.npmjs.org/-/npm/v1/security/advisories/bulk 256ms
102 silly audit report {
102 silly audit report   axios: [
102 silly audit report     {
102 silly audit report       id: 1117577,
102 silly audit report       url: 'https://github.com/advisories/GHSA-3w6x-2g7m-8v23',
102 silly audit report       title: 'Axios: Invisible JSON Response Tampering via Prototype Pollution Gadget in `parseReviver`',
102 silly audit report       severity: 'moderate',
102 silly audit report       vulnerable_versions: '>=1.0.0 <1.15.2',
102 silly audit report       cwe: [Array],
102 silly audit report       cvss: [Object]
102 silly audit report     },
102 silly audit report     {
102 silly audit report       id: 1117578,
102 silly audit report       url: 'https://github.com/advisories/GHSA-q8qp-cvcw-x6jj',
102 silly audit report       title: 'Axios has prototype pollution read-side gadgets in HTTP adapter that allow credential injection and request hijacking',
102 silly audit report       severity: 'high',
102 silly audit report       vulnerable_versions: '>=1.0.0 <1.15.2',
102 silly audit report       cwe: [Array],
102 silly audit report       cvss: [Object]
102 silly audit report     }
102 silly audit report   ]
102 silly audit report }
103 silly packumentCache corgi:https://registry.npmjs.org/axios cache-miss
104 http fetch GET 200 https://registry.npmjs.org/@img/sharp-linuxmusl-x64/-/sharp-linuxmusl-x64-0.34.5.tgz 254ms (cache miss)
105 http fetch GET 200 https://registry.npmjs.org/@img/sharp-linux-x64/-/sharp-linux-x64-0.34.5.tgz 265ms (cache miss)
106 http fetch GET 200 https://registry.npmjs.org/@emnapi/runtime/-/runtime-1.10.0.tgz 266ms (cache miss)
107 http fetch GET 200 https://registry.npmjs.org/axios 87ms (cache miss)
108 silly packumentCache corgi:https://registry.npmjs.org/axios set size:undefined disposed:false
109 http fetch GET 200 https://registry.npmjs.org/@img/sharp-libvips-linux-x64/-/sharp-libvips-linux-x64-1.2.4.tgz 900ms (cache miss)
110 http fetch GET 200 https://registry.npmjs.org/@img/sharp-libvips-linuxmusl-x64/-/sharp-libvips-linuxmusl-x64-1.2.4.tgz 903ms (cache miss)
111 http fetch GET 200 https://registry.npmjs.org/@napi-rs/canvas-linux-x64-musl/-/canvas-linux-x64-musl-0.1.99.tgz 1123ms (cache miss)
112 http fetch GET 200 https://registry.npmjs.org/@napi-rs/canvas-linux-x64-gnu/-/canvas-linux-x64-gnu-0.1.99.tgz 1178ms (cache miss)
113 http fetch GET 200 https://registry.npmjs.org/@ffmpeg-installer/linux-x64/-/linux-x64-4.1.0.tgz 1390ms (cache miss)
114 info run @ffmpeg-installer/linux-x64@4.1.0 postinstall node_modules/@ffmpeg-installer/linux-x64 chmod u+x ffmpeg
115 info run @ffmpeg-installer/linux-x64@4.1.0 postinstall { code: 0, signal: null }
116 silly ADD
117 silly ADD node_modules/@napi-rs/canvas-linux-x64-musl
118 silly ADD node_modules/@napi-rs/canvas-linux-x64-gnu
119 silly ADD
120 silly ADD
121 silly ADD
122 silly ADD
123 silly ADD
124 silly ADD
125 silly ADD
126 silly ADD
127 silly ADD
128 silly ADD
129 silly ADD node_modules/@img/sharp-linuxmusl-x64
130 silly ADD
131 silly ADD node_modules/@img/sharp-linux-x64
132 silly ADD
133 silly ADD
134 silly ADD
135 silly ADD
136 silly ADD
137 silly ADD node_modules/@img/sharp-libvips-linuxmusl-x64
138 silly ADD
139 silly ADD node_modules/@img/sharp-libvips-linux-x64
140 silly ADD
141 silly ADD
142 silly ADD
143 silly ADD
144 silly ADD
145 silly ADD
146 silly ADD
147 silly ADD
148 silly ADD
149 silly ADD
150 silly ADD node_modules/@ffmpeg-installer/linux-x64
151 silly ADD
152 silly ADD
153 silly ADD
154 silly ADD
155 silly ADD
156 silly ADD
157 verbose cwd /home/container
158 verbose os Linux 6.8.0-110-generic
159 verbose node v21.7.3
160 verbose npm  v10.9.8
161 notice
161 notice New [31mmajor[39m version of npm available! [31m10.9.8[39m -> [34m11.14.0[39m
161 notice Changelog: [34mhttps://github.com/npm/cli/releases/tag/v11.14.0[39m
161 notice To update run: [4mnpm install -g npm@11.14.0[24m
161 notice  { force: true, [Symbol(proc-log.meta)]: true }
162 verbose exit 0
163 info ok
