0 verbose cli /usr/local/bin/node /usr/local/bin/npm
1 info using npm@10.9.8
2 info using node@v21.7.3
3 silly config load:file:/usr/local/lib/node_modules/npm/npmrc
4 silly config load:file:/home/container/.npmrc
5 silly config load:file:/usr/local/etc/npmrc
6 verbose title npm install
7 verbose argv "install"
8 verbose logfile logs-max:10 dir:/home/container/.npm/_logs/2026-05-09T09_46_45_312Z-
9 verbose logfile /home/container/.npm/_logs/2026-05-09T09_46_45_312Z-debug-0.log
10 silly logfile done cleaning log files
11 silly packumentCache heap:321388544 maxSize:80347136 maxEntrySize:40173568
12 silly idealTree buildDeps
13 silly reify moves {}
14 silly audit bulk request {
14 silly audit   '@discordjs/builders': [ '1.14.1' ],
14 silly audit   '@discordjs/collection': [ '1.5.3', '2.1.1' ],
14 silly audit   '@discordjs/formatters': [ '0.6.2' ],
14 silly audit   '@discordjs/rest': [ '2.6.1' ],
14 silly audit   '@sapphire/snowflake': [ '3.5.5', '3.5.3' ],
14 silly audit   '@discordjs/util': [ '1.2.0' ],
14 silly audit   '@discordjs/ws': [ '1.2.3' ],
14 silly audit   '@emnapi/runtime': [ '1.10.0' ],
14 silly audit   '@ffmpeg-installer/darwin-arm64': [ '4.1.5' ],
14 silly audit   '@ffmpeg-installer/darwin-x64': [ '4.1.0' ],
14 silly audit   '@ffmpeg-installer/ffmpeg': [ '1.1.0' ],
14 silly audit   '@ffmpeg-installer/linux-arm': [ '4.1.3' ],
14 silly audit   '@ffmpeg-installer/linux-arm64': [ '4.1.4' ],
14 silly audit   '@ffmpeg-installer/linux-ia32': [ '4.1.0' ],
14 silly audit   '@ffmpeg-installer/linux-x64': [ '4.1.0' ],
14 silly audit   '@ffmpeg-installer/win32-ia32': [ '4.1.0' ],
14 silly audit   '@ffmpeg-installer/win32-x64': [ '4.1.0' ],
14 silly audit   '@google/genai': [ '1.50.1' ],
14 silly audit   '@img/colour': [ '1.1.0' ],
14 silly audit   '@img/sharp-darwin-arm64': [ '0.34.5' ],
14 silly audit   '@img/sharp-darwin-x64': [ '0.34.5' ],
14 silly audit   '@img/sharp-libvips-darwin-arm64': [ '1.2.4' ],
14 silly audit   '@img/sharp-libvips-darwin-x64': [ '1.2.4' ],
14 silly audit   '@img/sharp-libvips-linux-arm': [ '1.2.4' ],
14 silly audit   '@img/sharp-libvips-linux-arm64': [ '1.2.4' ],
14 silly audit   '@img/sharp-libvips-linux-ppc64': [ '1.2.4' ],
14 silly audit   '@img/sharp-libvips-linux-riscv64': [ '1.2.4' ],
14 silly audit   '@img/sharp-libvips-linux-s390x': [ '1.2.4' ],
14 silly audit   '@img/sharp-libvips-linux-x64': [ '1.2.4' ],
14 silly audit   '@img/sharp-libvips-linuxmusl-arm64': [ '1.2.4' ],
14 silly audit   '@img/sharp-libvips-linuxmusl-x64': [ '1.2.4' ],
14 silly audit   '@img/sharp-linux-arm': [ '0.34.5' ],
14 silly audit   '@img/sharp-linux-arm64': [ '0.34.5' ],
14 silly audit   '@img/sharp-linux-ppc64': [ '0.34.5' ],
14 silly audit   '@img/sharp-linux-riscv64': [ '0.34.5' ],
14 silly audit   '@img/sharp-linux-s390x': [ '0.34.5' ],
14 silly audit   '@img/sharp-linux-x64': [ '0.34.5' ],
14 silly audit   '@img/sharp-linuxmusl-arm64': [ '0.34.5' ],
14 silly audit   '@img/sharp-linuxmusl-x64': [ '0.34.5' ],
14 silly audit   '@img/sharp-wasm32': [ '0.34.5' ],
14 silly audit   '@img/sharp-win32-arm64': [ '0.34.5' ],
14 silly audit   '@img/sharp-win32-ia32': [ '0.34.5' ],
14 silly audit   '@img/sharp-win32-x64': [ '0.34.5' ],
14 silly audit   '@napi-rs/canvas': [ '0.1.99' ],
14 silly audit   '@napi-rs/canvas-android-arm64': [ '0.1.99' ],
14 silly audit   '@napi-rs/canvas-darwin-arm64': [ '0.1.99' ],
14 silly audit   '@napi-rs/canvas-darwin-x64': [ '0.1.99' ],
14 silly audit   '@napi-rs/canvas-linux-arm-gnueabihf': [ '0.1.99' ],
14 silly audit   '@napi-rs/canvas-linux-arm64-gnu': [ '0.1.99' ],
14 silly audit   '@napi-rs/canvas-linux-arm64-musl': [ '0.1.99' ],
14 silly audit   '@napi-rs/canvas-linux-riscv64-gnu': [ '0.1.99' ],
14 silly audit   '@napi-rs/canvas-linux-x64-gnu': [ '0.1.99' ],
14 silly audit   '@napi-rs/canvas-linux-x64-musl': [ '0.1.99' ],
14 silly audit   '@napi-rs/canvas-win32-arm64-msvc': [ '0.1.99' ],
14 silly audit   '@napi-rs/canvas-win32-x64-msvc': [ '0.1.99' ],
14 silly audit   '@pdf-lib/standard-fonts': [ '1.0.0' ],
14 silly audit   '@pdf-lib/upng': [ '1.0.1' ],
14 silly audit   '@protobufjs/aspromise': [ '1.1.2' ],
14 silly audit   '@protobufjs/base64': [ '1.1.2' ],
14 silly audit   '@protobufjs/codegen': [ '2.0.4' ],
14 silly audit   '@protobufjs/eventemitter': [ '1.1.0' ],
14 silly audit   '@protobufjs/fetch': [ '1.1.0' ],
14 silly audit   '@protobufjs/float': [ '1.0.2' ],
14 silly audit   '@protobufjs/inquire': [ '1.1.0' ],
14 silly audit   '@protobufjs/path': [ '1.1.2' ],
14 silly audit   '@protobufjs/pool': [ '1.1.0' ],
14 silly audit   '@protobufjs/utf8': [ '1.1.0' ],
14 silly audit   '@sapphire/async-queue': [ '1.5.5' ],
14 silly audit   '@sapphire/shapeshift': [ '4.0.0' ],
14 silly audit   '@types/node': [ '25.6.0' ],
14 silly audit   '@types/retry': [ '0.12.0' ],
14 silly audit   '@types/ws': [ '8.18.1' ],
14 silly audit   '@vladfrangu/async_event_emitter': [ '2.4.7' ],
14 silly audit   'agent-base': [ '7.1.4' ],
14 silly audit   async: [ '0.2.10' ],
14 silly audit   asynckit: [ '0.4.0' ],
14 silly audit   axios: [ '1.15.1' ],
14 silly audit   'base64-js': [ '1.5.1' ],
14 silly audit   'bignumber.js': [ '9.3.1' ],
14 silly audit   'buffer-equal-constant-time': [ '1.0.1' ],
14 silly audit   'call-bind-apply-helpers': [ '1.0.2' ],
14 silly audit   'combined-stream': [ '1.0.8' ],
14 silly audit   'data-uri-to-buffer': [ '4.0.1' ],
14 silly audit   debug: [ '4.4.3' ],
14 silly audit   'delayed-stream': [ '1.0.0' ],
14 silly audit   'detect-libc': [ '2.1.2' ],
14 silly audit   'discord-api-types': [ '0.38.47' ],
14 silly audit   'discord.js': [ '14.26.3' ],
14 silly audit   dommatrix: [ '0.1.1' ],
14 silly audit   dotenv: [ '17.4.2' ],
14 silly audit   'dunder-proto': [ '1.0.1' ],
14 silly audit   'ecdsa-sig-formatter': [ '1.0.11' ],
14 silly audit   'es-define-property': [ '1.0.1' ],
14 silly audit   'es-errors': [ '1.3.0' ],
14 silly audit   'es-object-atoms': [ '1.1.1' ],
14 silly audit   'es-set-tostringtag': [ '2.1.0' ],
14 silly audit   extend: [ '3.0.2' ],
14 silly audit   'fast-deep-equal': [ '3.1.3' ],
14 silly audit   'fetch-blob': [ '3.2.0' ],
14 silly audit   'fluent-ffmpeg': [ '2.1.3' ],
14 silly audit   'follow-redirects': [ '1.16.0' ],
14 silly audit   'form-data': [ '4.0.5' ],
14 silly audit   'formdata-polyfill': [ '4.0.10' ],
14 silly audit   'function-bind': [ '1.1.2' ],
14 silly audit   gaxios: [ '7.1.4' ],
14 silly audit   'gcp-metadata': [ '8.1.2' ],
14 silly audit   'get-intrinsic': [ '1.3.0' ],
14 silly audit   'get-proto': [ '1.0.1' ],
14 silly audit   'google-auth-library': [ '10.6.2' ],
14 silly audit   'google-logging-utils': [ '1.1.3' ],
14 silly audit   gopd: [ '1.2.0' ],
14 silly audit   'has-symbols': [ '1.1.0' ],
14 silly audit   'has-tostringtag': [ '1.0.2' ],
14 silly audit   hasown: [ '2.0.3' ],
14 silly audit   'https-proxy-agent': [ '7.0.6' ],
14 silly audit   isexe: [ '2.0.0' ],
14 silly audit   'json-bigint': [ '1.0.0' ],
14 silly audit   jwa: [ '2.0.1' ],
14 silly audit   jws: [ '4.0.1' ],
14 silly audit   lodash: [ '4.18.1' ],
14 silly audit   'lodash.snakecase': [ '4.1.1' ],
14 silly audit   long: [ '5.3.2' ],
14 silly audit   'magic-bytes.js': [ '1.13.0' ],
14 silly audit   'math-intrinsics': [ '1.1.0' ],
14 silly audit   'mime-db': [ '1.52.0' ],
14 silly audit   'mime-types': [ '2.1.35' ],
14 silly audit   ms: [ '2.1.3' ],
14 silly audit   'node-domexception': [ '1.0.0' ],
14 silly audit   'node-fetch': [ '3.3.2' ],
14 silly audit   'node-readable-to-web-readable-stream': [ '0.4.2' ],
14 silly audit   'p-retry': [ '4.6.2' ],
14 silly audit   pako: [ '1.0.11' ],
14 silly audit   'pdf-lib': [ '1.17.1' ],
14 silly audit   tslib: [ '1.14.1', '2.8.1' ],
14 silly audit   'pdf-to-png-converter': [ '3.18.0' ],
14 silly audit   'pdfjs-dist': [ '5.6.205' ],
14 silly audit   protobufjs: [ '7.5.5' ],
14 silly audit   'proxy-from-env': [ '2.1.0' ],
14 silly audit   retry: [ '0.13.1' ],
14 silly audit   'safe-buffer': [ '5.2.1' ],
14 silly audit   semver: [ '7.7.4' ],
14 silly audit   sharp: [ '0.34.5' ],
14 silly audit   'ts-mixer': [ '6.0.4' ],
14 silly audit   undici: [ '6.24.1' ],
14 silly audit   'undici-types': [ '7.19.2' ],
14 silly audit   'web-streams-polyfill': [ '3.3.3' ],
14 silly audit   which: [ '1.3.1' ],
14 silly audit   ws: [ '8.20.0' ]
14 silly audit }
15 verbose reify failed optional dependency /home/container/node_modules/@napi-rs/canvas-win32-arm64-msvc
16 silly reify mark deleted [ '/home/container/node_modules/@napi-rs/canvas-win32-arm64-msvc' ]
17 verbose reify failed optional dependency /home/container/node_modules/@napi-rs/canvas-linux-riscv64-gnu
18 silly reify mark deleted [ '/home/container/node_modules/@napi-rs/canvas-linux-riscv64-gnu' ]
19 verbose reify failed optional dependency /home/container/node_modules/@napi-rs/canvas-linux-arm64-musl
20 silly reify mark deleted [ '/home/container/node_modules/@napi-rs/canvas-linux-arm64-musl' ]
21 verbose reify failed optional dependency /home/container/node_modules/@napi-rs/canvas-linux-arm64-gnu
22 silly reify mark deleted [ '/home/container/node_modules/@napi-rs/canvas-linux-arm64-gnu' ]
23 verbose reify failed optional dependency /home/container/node_modules/@napi-rs/canvas-linux-arm-gnueabihf
24 silly reify mark deleted [ '/home/container/node_modules/@napi-rs/canvas-linux-arm-gnueabihf' ]
25 verbose reify failed optional dependency /home/container/node_modules/@napi-rs/canvas-darwin-x64
26 silly reify mark deleted [ '/home/container/node_modules/@napi-rs/canvas-darwin-x64' ]
27 verbose reify failed optional dependency /home/container/node_modules/@napi-rs/canvas-darwin-arm64
28 silly reify mark deleted [ '/home/container/node_modules/@napi-rs/canvas-darwin-arm64' ]
29 verbose reify failed optional dependency /home/container/node_modules/@napi-rs/canvas-android-arm64
30 silly reify mark deleted [ '/home/container/node_modules/@napi-rs/canvas-android-arm64' ]
31 verbose reify failed optional dependency /home/container/node_modules/@img/sharp-win32-ia32
32 silly reify mark deleted [ '/home/container/node_modules/@img/sharp-win32-ia32' ]
33 verbose reify failed optional dependency /home/container/node_modules/@img/sharp-win32-arm64
34 silly reify mark deleted [ '/home/container/node_modules/@img/sharp-win32-arm64' ]
35 verbose reify failed optional dependency /home/container/node_modules/@img/sharp-wasm32
36 silly reify mark deleted [ '/home/container/node_modules/@img/sharp-wasm32' ]
37 verbose reify failed optional dependency /home/container/node_modules/@emnapi/runtime
38 silly reify mark deleted [ '/home/container/node_modules/@emnapi/runtime' ]
39 verbose reify failed optional dependency /home/container/node_modules/@img/sharp-linuxmusl-arm64
40 silly reify mark deleted [ '/home/container/node_modules/@img/sharp-linuxmusl-arm64' ]
41 verbose reify failed optional dependency /home/container/node_modules/@img/sharp-linux-s390x
42 silly reify mark deleted [ '/home/container/node_modules/@img/sharp-linux-s390x' ]
43 verbose reify failed optional dependency /home/container/node_modules/@img/sharp-linux-riscv64
44 silly reify mark deleted [ '/home/container/node_modules/@img/sharp-linux-riscv64' ]
45 verbose reify failed optional dependency /home/container/node_modules/@img/sharp-linux-ppc64
46 silly reify mark deleted [ '/home/container/node_modules/@img/sharp-linux-ppc64' ]
47 verbose reify failed optional dependency /home/container/node_modules/@img/sharp-linux-arm64
48 silly reify mark deleted [ '/home/container/node_modules/@img/sharp-linux-arm64' ]
49 verbose reify failed optional dependency /home/container/node_modules/@img/sharp-linux-arm
50 silly reify mark deleted [ '/home/container/node_modules/@img/sharp-linux-arm' ]
51 verbose reify failed optional dependency /home/container/node_modules/@img/sharp-libvips-linuxmusl-arm64
52 silly reify mark deleted [ '/home/container/node_modules/@img/sharp-libvips-linuxmusl-arm64' ]
53 verbose reify failed optional dependency /home/container/node_modules/@img/sharp-libvips-linux-s390x
54 silly reify mark deleted [ '/home/container/node_modules/@img/sharp-libvips-linux-s390x' ]
55 verbose reify failed optional dependency /home/container/node_modules/@img/sharp-libvips-linux-riscv64
56 silly reify mark deleted [ '/home/container/node_modules/@img/sharp-libvips-linux-riscv64' ]
57 verbose reify failed optional dependency /home/container/node_modules/@img/sharp-libvips-linux-ppc64
58 silly reify mark deleted [ '/home/container/node_modules/@img/sharp-libvips-linux-ppc64' ]
59 verbose reify failed optional dependency /home/container/node_modules/@img/sharp-libvips-linux-arm64
60 silly reify mark deleted [ '/home/container/node_modules/@img/sharp-libvips-linux-arm64' ]
61 verbose reify failed optional dependency /home/container/node_modules/@img/sharp-libvips-linux-arm
62 silly reify mark deleted [ '/home/container/node_modules/@img/sharp-libvips-linux-arm' ]
63 verbose reify failed optional dependency /home/container/node_modules/@img/sharp-libvips-darwin-x64
64 silly reify mark deleted [ '/home/container/node_modules/@img/sharp-libvips-darwin-x64' ]
65 verbose reify failed optional dependency /home/container/node_modules/@img/sharp-libvips-darwin-arm64
66 silly reify mark deleted [ '/home/container/node_modules/@img/sharp-libvips-darwin-arm64' ]
67 verbose reify failed optional dependency /home/container/node_modules/@img/sharp-darwin-x64
68 silly reify mark deleted [ '/home/container/node_modules/@img/sharp-darwin-x64' ]
69 verbose reify failed optional dependency /home/container/node_modules/@img/sharp-darwin-arm64
70 silly reify mark deleted [ '/home/container/node_modules/@img/sharp-darwin-arm64' ]
71 verbose reify failed optional dependency /home/container/node_modules/@ffmpeg-installer/win32-ia32
72 silly reify mark deleted [ '/home/container/node_modules/@ffmpeg-installer/win32-ia32' ]
73 verbose reify failed optional dependency /home/container/node_modules/@ffmpeg-installer/linux-ia32
74 silly reify mark deleted [ '/home/container/node_modules/@ffmpeg-installer/linux-ia32' ]
75 verbose reify failed optional dependency /home/container/node_modules/@ffmpeg-installer/linux-arm64
76 silly reify mark deleted [ '/home/container/node_modules/@ffmpeg-installer/linux-arm64' ]
77 verbose reify failed optional dependency /home/container/node_modules/@ffmpeg-installer/linux-arm
78 silly reify mark deleted [ '/home/container/node_modules/@ffmpeg-installer/linux-arm' ]
79 verbose reify failed optional dependency /home/container/node_modules/@ffmpeg-installer/darwin-x64
80 silly reify mark deleted [ '/home/container/node_modules/@ffmpeg-installer/darwin-x64' ]
81 verbose reify failed optional dependency /home/container/node_modules/@ffmpeg-installer/darwin-arm64
82 silly reify mark deleted [ '/home/container/node_modules/@ffmpeg-installer/darwin-arm64' ]
83 http cache @emnapi/runtime@https://registry.npmjs.org/@emnapi/runtime/-/runtime-1.10.0.tgz 1ms (cache hit)
84 http fetch POST 200 https://registry.npmjs.org/-/npm/v1/security/advisories/bulk 230ms
85 silly audit report {
85 silly audit report   axios: [
85 silly audit report     {
85 silly audit report       id: 1117577,
85 silly audit report       url: 'https://github.com/advisories/GHSA-3w6x-2g7m-8v23',
85 silly audit report       title: 'Axios: Invisible JSON Response Tampering via Prototype Pollution Gadget in `parseReviver`',
85 silly audit report       severity: 'moderate',
85 silly audit report       vulnerable_versions: '>=1.0.0 <1.15.2',
85 silly audit report       cwe: [Array],
85 silly audit report       cvss: [Object]
85 silly audit report     },
85 silly audit report     {
85 silly audit report       id: 1117578,
85 silly audit report       url: 'https://github.com/advisories/GHSA-q8qp-cvcw-x6jj',
85 silly audit report       title: 'Axios has prototype pollution read-side gadgets in HTTP adapter that allow credential injection and request hijacking',
85 silly audit report       severity: 'high',
85 silly audit report       vulnerable_versions: '>=1.0.0 <1.15.2',
85 silly audit report       cwe: [Array],
85 silly audit report       cvss: [Object]
85 silly audit report     }
85 silly audit report   ]
85 silly audit report }
86 silly packumentCache corgi:https://registry.npmjs.org/axios cache-miss
87 http fetch GET 200 https://registry.npmjs.org/axios 24ms (cache revalidated)
88 silly packumentCache corgi:https://registry.npmjs.org/axios set size:288851 disposed:false
89 silly ADD
90 silly ADD
91 silly ADD
92 silly ADD
93 silly ADD
94 silly ADD
95 silly ADD
96 silly ADD
97 silly ADD
98 silly ADD
99 silly ADD
100 silly ADD
101 silly ADD
102 silly ADD
103 silly ADD
104 silly ADD
105 silly ADD
106 silly ADD
107 silly ADD
108 silly ADD
109 silly ADD
110 silly ADD
111 silly ADD
112 silly ADD
113 silly ADD
114 silly ADD
115 silly ADD
116 silly ADD
117 silly ADD
118 silly ADD
119 silly ADD
120 silly ADD
121 silly ADD
122 silly ADD
123 verbose cwd /home/container
124 verbose os Linux 6.8.0-110-generic
125 verbose node v21.7.3
126 verbose npm  v10.9.8
127 verbose exit 0
128 info ok
